[26-12-2018 12:05:10][Error] - Error en el método public void btnGenerarTema_Click(object sender, EventArgs e) de la clase Conversor.Entidades.Formulario| No se puede encontrar una parte de la ruta de acceso 'D:\Users\alberto.jimenez.BABEL-SI\Desktop\page2.tpl.php\page.tpl.php'.
[26-12-2018 12:07:16][Error] - Error en el método public void CrearInfoDocument(String nombreHtml, DataSet dsConfig) de la clase Conversor.Entidades.DestinoDrupal_7| No se puede encontrar una parte de la ruta de acceso 'D:\Users\alberto.jimenez.BABEL-SI\Desktop\Ficheros pruebas TFG\prueba2.tpl.php\prueba2.info'.
[26-12-2018 13:13:15][Error] - Error en el método public void ModificarFichero(HtmlAgilityPack.HtmlDocument documentoHtml, DataSet dsConfig) de la clase Conversor.Entidades.TipoDestino| Referencia a objeto no establecida como instancia de un objeto.
[26-12-2018 13:13:15][Error] - Error en el método public void btnGenerarTema_Click(object sender, EventArgs e) de la clase Conversor.Entidades.Formulario| Referencia a objeto no establecida como instancia de un objeto.
[26-12-2018 13:13:21][Error] - Error en el método public void ObtenerHtml() de la clase Conversor.Entidades.DocumentoHtml| Referencia a objeto no establecida como instancia de un objeto.
[26-12-2018 13:13:21][Error] - Error en el método public void ModificarFichero(HtmlAgilityPack.HtmlDocument documentoHtml, DataSet dsConfig) de la clase Conversor.Entidades.TipoDestino| Referencia a objeto no establecida como instancia de un objeto.
[26-12-2018 13:13:21][Error] - Error en el método public void btnGenerarTema_Click(object sender, EventArgs e) de la clase Conversor.Entidades.Formulario| Referencia a objeto no establecida como instancia de un objeto.
[26-12-2018 13:13:23][Error] - Error en el método public void ObtenerHtml() de la clase Conversor.Entidades.DocumentoHtml| Referencia a objeto no establecida como instancia de un objeto.
[26-12-2018 13:13:23][Error] - Error en el método public void ModificarFichero(HtmlAgilityPack.HtmlDocument documentoHtml, DataSet dsConfig) de la clase Conversor.Entidades.TipoDestino| Referencia a objeto no establecida como instancia de un objeto.
[26-12-2018 13:13:23][Error] - Error en el método public void btnGenerarTema_Click(object sender, EventArgs e) de la clase Conversor.Entidades.Formulario| Referencia a objeto no establecida como instancia de un objeto.
[26-12-2018 13:13:24][Error] - Error en el método public void ObtenerHtml() de la clase Conversor.Entidades.DocumentoHtml| Referencia a objeto no establecida como instancia de un objeto.
[26-12-2018 13:13:24][Error] - Error en el método public void ModificarFichero(HtmlAgilityPack.HtmlDocument documentoHtml, DataSet dsConfig) de la clase Conversor.Entidades.TipoDestino| Referencia a objeto no establecida como instancia de un objeto.
[26-12-2018 13:13:24][Error] - Error en el método public void btnGenerarTema_Click(object sender, EventArgs e) de la clase Conversor.Entidades.Formulario| Referencia a objeto no establecida como instancia de un objeto.
[26-12-2018 13:13:24][Error] - Error en el método public void ObtenerHtml() de la clase Conversor.Entidades.DocumentoHtml| Referencia a objeto no establecida como instancia de un objeto.
[26-12-2018 13:13:24][Error] - Error en el método public void ModificarFichero(HtmlAgilityPack.HtmlDocument documentoHtml, DataSet dsConfig) de la clase Conversor.Entidades.TipoDestino| Referencia a objeto no establecida como instancia de un objeto.
[26-12-2018 13:13:24][Error] - Error en el método public void btnGenerarTema_Click(object sender, EventArgs e) de la clase Conversor.Entidades.Formulario| Referencia a objeto no establecida como instancia de un objeto.
[26-12-2018 13:13:25][Error] - Error en el método public void ObtenerHtml() de la clase Conversor.Entidades.DocumentoHtml| Referencia a objeto no establecida como instancia de un objeto.
[26-12-2018 13:13:25][Error] - Error en el método public void ModificarFichero(HtmlAgilityPack.HtmlDocument documentoHtml, DataSet dsConfig) de la clase Conversor.Entidades.TipoDestino| Referencia a objeto no establecida como instancia de un objeto.
[26-12-2018 13:13:25][Error] - Error en el método public void btnGenerarTema_Click(object sender, EventArgs e) de la clase Conversor.Entidades.Formulario| Referencia a objeto no establecida como instancia de un objeto.
[26-12-2018 13:13:25][Error] - Error en el método public void ObtenerHtml() de la clase Conversor.Entidades.DocumentoHtml| Referencia a objeto no establecida como instancia de un objeto.
[26-12-2018 13:13:25][Error] - Error en el método public void ModificarFichero(HtmlAgilityPack.HtmlDocument documentoHtml, DataSet dsConfig) de la clase Conversor.Entidades.TipoDestino| Referencia a objeto no establecida como instancia de un objeto.
[26-12-2018 13:13:25][Error] - Error en el método public void btnGenerarTema_Click(object sender, EventArgs e) de la clase Conversor.Entidades.Formulario| Referencia a objeto no establecida como instancia de un objeto.
[26-12-2018 13:13:25][Error] - Error en el método public void ObtenerHtml() de la clase Conversor.Entidades.DocumentoHtml| Referencia a objeto no establecida como instancia de un objeto.
[26-12-2018 13:13:25][Error] - Error en el método public void ModificarFichero(HtmlAgilityPack.HtmlDocument documentoHtml, DataSet dsConfig) de la clase Conversor.Entidades.TipoDestino| Referencia a objeto no establecida como instancia de un objeto.
[26-12-2018 13:13:25][Error] - Error en el método public void btnGenerarTema_Click(object sender, EventArgs e) de la clase Conversor.Entidades.Formulario| Referencia a objeto no establecida como instancia de un objeto.
[26-12-2018 13:13:25][Error] - Error en el método public void ObtenerHtml() de la clase Conversor.Entidades.DocumentoHtml| Referencia a objeto no establecida como instancia de un objeto.
[26-12-2018 13:13:25][Error] - Error en el método public void ModificarFichero(HtmlAgilityPack.HtmlDocument documentoHtml, DataSet dsConfig) de la clase Conversor.Entidades.TipoDestino| Referencia a objeto no establecida como instancia de un objeto.
[26-12-2018 13:13:25][Error] - Error en el método public void btnGenerarTema_Click(object sender, EventArgs e) de la clase Conversor.Entidades.Formulario| Referencia a objeto no establecida como instancia de un objeto.
[26-12-2018 13:13:31][Error] - Error en el método public void ObtenerHtml() de la clase Conversor.Entidades.DocumentoHtml| Referencia a objeto no establecida como instancia de un objeto.
[26-12-2018 13:13:31][Error] - Error en el método public void ModificarFichero(HtmlAgilityPack.HtmlDocument documentoHtml, DataSet dsConfig) de la clase Conversor.Entidades.TipoDestino| Referencia a objeto no establecida como instancia de un objeto.
[26-12-2018 13:13:31][Error] - Error en el método public void btnGenerarTema_Click(object sender, EventArgs e) de la clase Conversor.Entidades.Formulario| Referencia a objeto no establecida como instancia de un objeto.
[26-12-2018 13:13:37][Error] - Error en el método public void ObtenerHtml() de la clase Conversor.Entidades.DocumentoHtml| Referencia a objeto no establecida como instancia de un objeto.
[26-12-2018 13:13:47][Error] - Error en el método public void ModificarFichero(HtmlAgilityPack.HtmlDocument documentoHtml, DataSet dsConfig) de la clase Conversor.Entidades.TipoDestino| Referencia a objeto no establecida como instancia de un objeto.
[26-12-2018 13:13:47][Error] - Error en el método public void btnGenerarTema_Click(object sender, EventArgs e) de la clase Conversor.Entidades.Formulario| Referencia a objeto no establecida como instancia de un objeto.
[26-12-2018 13:13:50][Error] - Error en el método public void ObtenerHtml() de la clase Conversor.Entidades.DocumentoHtml| Referencia a objeto no establecida como instancia de un objeto.
[26-12-2018 13:16:27][Error] - Error en el método public void ModificarFichero(HtmlAgilityPack.HtmlDocument documentoHtml, DataSet dsConfig) de la clase Conversor.Entidades.TipoDestino| Referencia a objeto no establecida como instancia de un objeto.
[26-12-2018 13:16:27][Error] - Error en el método public void btnGenerarTema_Click(object sender, EventArgs e) de la clase Conversor.Entidades.Formulario| Referencia a objeto no establecida como instancia de un objeto.
[26-12-2018 13:16:30][Error] - Error en el método public void ObtenerHtml() de la clase Conversor.Entidades.DocumentoHtml| Referencia a objeto no establecida como instancia de un objeto.
[26-12-2018 13:16:40][Error] - Error en el método public void ModificarFichero(HtmlAgilityPack.HtmlDocument documentoHtml, DataSet dsConfig) de la clase Conversor.Entidades.TipoDestino| Referencia a objeto no establecida como instancia de un objeto.
[26-12-2018 13:16:40][Error] - Error en el método public void btnGenerarTema_Click(object sender, EventArgs e) de la clase Conversor.Entidades.Formulario| Referencia a objeto no establecida como instancia de un objeto.
[26-12-2018 13:16:43][Error] - Error en el método public void ObtenerHtml() de la clase Conversor.Entidades.DocumentoHtml| Referencia a objeto no establecida como instancia de un objeto.
[26-12-2018 13:17:20][Error] - Error en el método public void ModificarFichero(HtmlAgilityPack.HtmlDocument documentoHtml, DataSet dsConfig) de la clase Conversor.Entidades.TipoDestino| Referencia a objeto no establecida como instancia de un objeto.
[26-12-2018 13:17:20][Error] - Error en el método public void btnGenerarTema_Click(object sender, EventArgs e) de la clase Conversor.Entidades.Formulario| Referencia a objeto no establecida como instancia de un objeto.
[26-12-2018 13:17:22][Error] - Error en el método public void ObtenerHtml() de la clase Conversor.Entidades.DocumentoHtml| Referencia a objeto no establecida como instancia de un objeto.
[26-12-2018 13:18:59][Error] - Error en el método public void CrearInfoDocument(String nombreHtml, DataSet dsConfig) de la clase Conversor.Entidades.DestinoDrupal_7| No se puede encontrar una parte de la ruta de acceso 'D:\Users\alberto.jimenez.BABEL-SI\Desktop\page.tpl.php\cinema.info'.
[26-12-2018 13:21:30][Error] - Error en el método public void CrearInfoDocument(String nombreHtml, DataSet dsConfig) de la clase Conversor.Entidades.DestinoDrupal_7| No se puede encontrar una parte de la ruta de acceso 'D:\Users\alberto.jimenez.BABEL-SI\Desktop\page.tpl.php\cinema.info'.
[26-12-2018 13:32:06][Error] - Error en el método public void CrearInfoDocument(String nombreHtml, DataSet dsConfig) de la clase Conversor.Entidades.DestinoDrupal_7| No se puede encontrar una parte de la ruta de acceso 'D:\Users\alberto.jimenez.BABEL-SI\Desktop\page.tpl.php\cinema.info'.
[26-12-2018 13:40:08][Error] - Error en el método public void CrearInfoDocument(String nombreHtml, DataSet dsConfig) de la clase Conversor.Entidades.DestinoDrupal_7| No se puede encontrar una parte de la ruta de acceso 'D:\Users\alberto.jimenez.BABEL-SI\Desktop\page.tpl.php\cinema.info'.
[26-12-2018 13:46:51][Error] - Error en el método public void CrearInfoDocument(String nombreHtml, DataSet dsConfig) de la clase Conversor.Entidades.DestinoDrupal_7| No se puede encontrar una parte de la ruta de acceso 'D:\Users\alberto.jimenez.BABEL-SI\Desktop\page.tpl.php\cinema.info'.
[26-12-2018 13:47:52][Error] - Error en el método public void CrearInfoDocument(String nombreHtml, DataSet dsConfig) de la clase Conversor.Entidades.DestinoDrupal_7| No se puede encontrar una parte de la ruta de acceso 'D:\Users\alberto.jimenez.BABEL-SI\Desktop\page.tpl.php\cinema.info'.
[26-12-2018 13:49:11][Error] - Error en el método public void CrearInfoDocument(String nombreHtml, DataSet dsConfig) de la clase Conversor.Entidades.DestinoDrupal_7| No se puede encontrar una parte de la ruta de acceso 'D:\Users\alberto.jimenez.BABEL-SI\Desktop\page.tpl.php\cinema.info'.
[26-12-2018 13:50:09][Error] - Error en el método public void CrearInfoDocument(String nombreHtml, DataSet dsConfig) de la clase Conversor.Entidades.DestinoDrupal_7| No se puede encontrar una parte de la ruta de acceso 'D:\Users\alberto.jimenez.BABEL-SI\Desktop\page.tpl.php\cinema.info'.
[26-12-2018 13:54:48][Error] - Error en el método public void CrearInfoDocument(String nombreHtml, DataSet dsConfig) de la clase Conversor.Entidades.DestinoDrupal_7| No se puede encontrar una parte de la ruta de acceso 'D:\Users\alberto.jimenez.BABEL-SI\Desktop\page.tpl.php\cinema.info'.
[26-12-2018 13:56:43][Error] - Error en el método public void CrearInfoDocument(String nombreHtml, DataSet dsConfig) de la clase Conversor.Entidades.DestinoDrupal_7| No se puede encontrar una parte de la ruta de acceso 'D:\Users\alberto.jimenez.BABEL-SI\Desktop\page.tpl.php\cinema.info'.
[26-12-2018 14:06:32][Error] - Error en el método public void ModificarFichero(HtmlAgilityPack.HtmlDocument documentoHtml, DataSet dsConfig) de la clase Conversor.Entidades.TipoDestino| Referencia a objeto no establecida como instancia de un objeto.
[26-12-2018 14:06:32][Error] - Error en el método public void btnGenerarTema_Click(object sender, EventArgs e) de la clase Conversor.Entidades.Formulario| Referencia a objeto no establecida como instancia de un objeto.
[26-12-2018 14:06:35][Error] - Error en el método public void ObtenerHtml() de la clase Conversor.Entidades.DocumentoHtml| Referencia a objeto no establecida como instancia de un objeto.
[26-12-2018 14:06:35][Error] - Error en el método public void ModificarFichero(HtmlAgilityPack.HtmlDocument documentoHtml, DataSet dsConfig) de la clase Conversor.Entidades.TipoDestino| Referencia a objeto no establecida como instancia de un objeto.
[26-12-2018 14:06:35][Error] - Error en el método public void btnGenerarTema_Click(object sender, EventArgs e) de la clase Conversor.Entidades.Formulario| Referencia a objeto no establecida como instancia de un objeto.
[26-12-2018 14:06:37][Error] - Error en el método public void ObtenerHtml() de la clase Conversor.Entidades.DocumentoHtml| Referencia a objeto no establecida como instancia de un objeto.
[26-12-2018 14:06:37][Error] - Error en el método public void ModificarFichero(HtmlAgilityPack.HtmlDocument documentoHtml, DataSet dsConfig) de la clase Conversor.Entidades.TipoDestino| Referencia a objeto no establecida como instancia de un objeto.
[26-12-2018 14:06:37][Error] - Error en el método public void btnGenerarTema_Click(object sender, EventArgs e) de la clase Conversor.Entidades.Formulario| Referencia a objeto no establecida como instancia de un objeto.
[26-12-2018 14:06:37][Error] - Error en el método public void ObtenerHtml() de la clase Conversor.Entidades.DocumentoHtml| Referencia a objeto no establecida como instancia de un objeto.
[26-12-2018 14:06:37][Error] - Error en el método public void ModificarFichero(HtmlAgilityPack.HtmlDocument documentoHtml, DataSet dsConfig) de la clase Conversor.Entidades.TipoDestino| Referencia a objeto no establecida como instancia de un objeto.
[26-12-2018 14:06:37][Error] - Error en el método public void btnGenerarTema_Click(object sender, EventArgs e) de la clase Conversor.Entidades.Formulario| Referencia a objeto no establecida como instancia de un objeto.
[26-12-2018 14:06:37][Error] - Error en el método public void ObtenerHtml() de la clase Conversor.Entidades.DocumentoHtml| Referencia a objeto no establecida como instancia de un objeto.
[26-12-2018 14:06:37][Error] - Error en el método public void ModificarFichero(HtmlAgilityPack.HtmlDocument documentoHtml, DataSet dsConfig) de la clase Conversor.Entidades.TipoDestino| Referencia a objeto no establecida como instancia de un objeto.
[26-12-2018 14:06:37][Error] - Error en el método public void btnGenerarTema_Click(object sender, EventArgs e) de la clase Conversor.Entidades.Formulario| Referencia a objeto no establecida como instancia de un objeto.
[26-12-2018 14:06:37][Error] - Error en el método public void ObtenerHtml() de la clase Conversor.Entidades.DocumentoHtml| Referencia a objeto no establecida como instancia de un objeto.
[26-12-2018 14:06:37][Error] - Error en el método public void ModificarFichero(HtmlAgilityPack.HtmlDocument documentoHtml, DataSet dsConfig) de la clase Conversor.Entidades.TipoDestino| Referencia a objeto no establecida como instancia de un objeto.
[26-12-2018 14:06:37][Error] - Error en el método public void btnGenerarTema_Click(object sender, EventArgs e) de la clase Conversor.Entidades.Formulario| Referencia a objeto no establecida como instancia de un objeto.
[26-12-2018 14:06:38][Error] - Error en el método public void ObtenerHtml() de la clase Conversor.Entidades.DocumentoHtml| Referencia a objeto no establecida como instancia de un objeto.
[26-12-2018 14:06:38][Error] - Error en el método public void ModificarFichero(HtmlAgilityPack.HtmlDocument documentoHtml, DataSet dsConfig) de la clase Conversor.Entidades.TipoDestino| Referencia a objeto no establecida como instancia de un objeto.
[26-12-2018 14:06:38][Error] - Error en el método public void btnGenerarTema_Click(object sender, EventArgs e) de la clase Conversor.Entidades.Formulario| Referencia a objeto no establecida como instancia de un objeto.
[26-12-2018 14:06:38][Error] - Error en el método public void ObtenerHtml() de la clase Conversor.Entidades.DocumentoHtml| Referencia a objeto no establecida como instancia de un objeto.
[26-12-2018 14:06:38][Error] - Error en el método public void ModificarFichero(HtmlAgilityPack.HtmlDocument documentoHtml, DataSet dsConfig) de la clase Conversor.Entidades.TipoDestino| Referencia a objeto no establecida como instancia de un objeto.
[26-12-2018 14:06:38][Error] - Error en el método public void btnGenerarTema_Click(object sender, EventArgs e) de la clase Conversor.Entidades.Formulario| Referencia a objeto no establecida como instancia de un objeto.
[26-12-2018 14:06:43][Error] - Error en el método public void ObtenerHtml() de la clase Conversor.Entidades.DocumentoHtml| Referencia a objeto no establecida como instancia de un objeto.
[26-12-2018 14:07:13][Error] - Error en el método public void ModificarFichero(HtmlAgilityPack.HtmlDocument documentoHtml, DataSet dsConfig) de la clase Conversor.Entidades.TipoDestino| Referencia a objeto no establecida como instancia de un objeto.
[26-12-2018 14:07:13][Error] - Error en el método public void btnGenerarTema_Click(object sender, EventArgs e) de la clase Conversor.Entidades.Formulario| Referencia a objeto no establecida como instancia de un objeto.
[26-12-2018 14:07:15][Error] - Error en el método public void ObtenerHtml() de la clase Conversor.Entidades.DocumentoHtml| Referencia a objeto no establecida como instancia de un objeto.
[26-12-2018 14:08:41][Error] - Error en el método public void ModificarFichero(HtmlAgilityPack.HtmlDocument documentoHtml, DataSet dsConfig) de la clase Conversor.Entidades.TipoDestino| Referencia a objeto no establecida como instancia de un objeto.
[26-12-2018 14:08:41][Error] - Error en el método public void btnGenerarTema_Click(object sender, EventArgs e) de la clase Conversor.Entidades.Formulario| Referencia a objeto no establecida como instancia de un objeto.
[26-12-2018 14:09:18][Error] - Error en el método public void ObtenerHtml() de la clase Conversor.Entidades.DocumentoHtml| Referencia a objeto no establecida como instancia de un objeto.
[26-12-2018 14:10:20][Error] - Error en el método public void ModificarFichero(HtmlAgilityPack.HtmlDocument documentoHtml, DataSet dsConfig) de la clase Conversor.Entidades.TipoDestino| Referencia a objeto no establecida como instancia de un objeto.
[26-12-2018 14:10:20][Error] - Error en el método public void btnGenerarTema_Click(object sender, EventArgs e) de la clase Conversor.Entidades.Formulario| Referencia a objeto no establecida como instancia de un objeto.
[26-12-2018 14:12:03][Error] - Error en el método public void CrearInfoDocument(String nombreHtml, DataSet dsConfig) de la clase Conversor.Entidades.DestinoDrupal_7| No se puede encontrar una parte de la ruta de acceso 'D:\Users\alberto.jimenez.BABEL-SI\Desktop\page.tpl.php\cinema.info'.
[26-12-2018 14:15:48][Error] - Error en el método public void CrearInfoDocument(String nombreHtml, DataSet dsConfig) de la clase Conversor.Entidades.DestinoDrupal_7| No se puede encontrar una parte de la ruta de acceso 'D:\Users\alberto.jimenez.BABEL-SI\Desktop\page.tpl.php\cinema.info'.
[26-12-2018 14:19:10][Error] - Error en el método public void CrearInfoDocument(String nombreHtml, DataSet dsConfig) de la clase Conversor.Entidades.DestinoDrupal_7| No se puede encontrar una parte de la ruta de acceso 'D:\Users\alberto.jimenez.BABEL-SI\Desktop\page.tpl.php\cinema.info'.
[26-12-2018 14:26:46][Error] - Error en el método public void CrearInfoDocument(String nombreHtml, DataSet dsConfig) de la clase Conversor.Entidades.DestinoDrupal_7| No se puede encontrar una parte de la ruta de acceso 'D:\Users\alberto.jimenez.BABEL-SI\Desktop\page.tpl.php\cinema.info'.
[26-12-2018 14:48:06][Error] - Error en el método public void CrearInfoDocument(String nombreHtml, DataSet dsConfig) de la clase Conversor.Entidades.DestinoDrupal_7| No se puede encontrar una parte de la ruta de acceso 'D:\Users\alberto.jimenez.BABEL-SI\Desktop\page.tpl.php\cinema.info'.
[26-12-2018 14:50:59][Error] - Error en el método public void CrearInfoDocument(String nombreHtml, DataSet dsConfig) de la clase Conversor.Entidades.DestinoDrupal_7| No se puede encontrar una parte de la ruta de acceso 'D:\Users\alberto.jimenez.BABEL-SI\Desktop\page.tpl.php\cinema.info'.
[26-12-2018 14:53:36][Error] - Error en el método public void CrearInfoDocument(String nombreHtml, DataSet dsConfig) de la clase Conversor.Entidades.DestinoDrupal_7| No se puede encontrar una parte de la ruta de acceso 'D:\Users\alberto.jimenez.BABEL-SI\Desktop\page.tpl.php\cinema.info'.
[26-12-2018 14:58:41][Error] - Error en el método public void CrearInfoDocument(String nombreHtml, DataSet dsConfig) de la clase Conversor.Entidades.DestinoDrupal_7| No se puede encontrar una parte de la ruta de acceso 'D:\Users\alberto.jimenez.BABEL-SI\Desktop\page.tpl.php\cinema.info'.
[26-12-2018 15:04:05][Error] - Error en el método public void CrearInfoDocument(String nombreHtml, DataSet dsConfig) de la clase Conversor.Entidades.DestinoDrupal_7| No se puede encontrar una parte de la ruta de acceso 'D:\Users\alberto.jimenez.BABEL-SI\Desktop\page.tpl.php\cinema.info'.
[26-12-2018 15:06:00][Error] - Error en el método public void ModificarFichero(HtmlAgilityPack.HtmlDocument documentoHtml, DataSet dsConfig) de la clase Conversor.Entidades.TipoDestino| Referencia a objeto no establecida como instancia de un objeto.
[26-12-2018 15:06:00][Error] - Error en el método public void btnGenerarTema_Click(object sender, EventArgs e) de la clase Conversor.Entidades.Formulario| Referencia a objeto no establecida como instancia de un objeto.
[26-12-2018 15:07:32][Error] - Error en el método public void CrearInfoDocument(String nombreHtml, DataSet dsConfig) de la clase Conversor.Entidades.DestinoDrupal_7| No se puede encontrar una parte de la ruta de acceso 'D:\Users\alberto.jimenez.BABEL-SI\Desktop\page.tpl.php\cinema.info'.
[26-12-2018 15:08:27][Error] - Error en el método public void ModificarFichero(HtmlAgilityPack.HtmlDocument documentoHtml, DataSet dsConfig) de la clase Conversor.Entidades.TipoDestino| Referencia a objeto no establecida como instancia de un objeto.
[26-12-2018 15:08:27][Error] - Error en el método public void btnGenerarTema_Click(object sender, EventArgs e) de la clase Conversor.Entidades.Formulario| Referencia a objeto no establecida como instancia de un objeto.
[26-12-2018 15:11:14][Error] - Error en el método public void CrearInfoDocument(String nombreHtml, DataSet dsConfig) de la clase Conversor.Entidades.DestinoDrupal_7| No se puede encontrar una parte de la ruta de acceso 'D:\Users\alberto.jimenez.BABEL-SI\Desktop\page.tpl.php\cinema.info'.
[26-12-2018 15:12:34][Error] - Error en el método public void CrearInfoDocument(String nombreHtml, DataSet dsConfig) de la clase Conversor.Entidades.DestinoDrupal_7| No se puede encontrar una parte de la ruta de acceso 'D:\Users\alberto.jimenez.BABEL-SI\Desktop\page.tpl.php\cinema.info'.
[26-12-2018 15:14:23][Error] - Error en el método public void ModificarFichero(HtmlAgilityPack.HtmlDocument documentoHtml, DataSet dsConfig) de la clase Conversor.Entidades.TipoDestino| Referencia a objeto no establecida como instancia de un objeto.
[26-12-2018 15:14:23][Error] - Error en el método public void btnGenerarTema_Click(object sender, EventArgs e) de la clase Conversor.Entidades.Formulario| Referencia a objeto no establecida como instancia de un objeto.
